2024-12-22 19:33:03 [main] INFO  TestBase.BaseClass - Loading configuration file
2024-12-22 19:33:03 [main] INFO  TestBase.BaseClass - Configuration loaded successfully.
2024-12-22 19:33:04 [main] INFO  TestBase.BaseClass - Initializing WebDriver...
2024-12-22 19:33:08 [main] INFO  TestBase.BaseClass - Navigating to URL: https://opensource-demo.orangehrmlive.com/
2024-12-22 19:33:09 [main] INFO  TestBase.BaseClass - Starting test: testValidLogin
2024-12-22 19:33:09 [main] INFO  TestBase.BaseClass - Entering username...
2024-12-22 19:33:13 [main] INFO  TestBase.BaseClass - Entering password...
2024-12-22 19:33:13 [main] INFO  TestBase.BaseClass - Clicking login button...
2024-12-22 19:33:15 [main] INFO  TestBase.BaseClass - Verifying login was successful...
2024-12-22 19:33:15 [main] INFO  TestBase.BaseClass - Test passed: testValidLogin
2024-12-22 19:33:48 [main] INFO  TestBase.BaseClass - Loading configuration file
2024-12-22 19:33:48 [main] INFO  TestBase.BaseClass - Configuration loaded successfully.
2024-12-22 19:33:49 [main] INFO  TestBase.BaseClass - Initializing WebDriver...
2024-12-22 19:33:52 [main] INFO  TestBase.BaseClass - Navigating to URL: https://opensource-demo.orangehrmlive.com/
2024-12-22 19:33:57 [main] INFO  TestBase.BaseClass - Starting test: testValidLogin
2024-12-22 19:33:57 [main] INFO  TestBase.BaseClass - Entering username...
2024-12-22 19:33:57 [main] INFO  TestBase.BaseClass - Entering password...
2024-12-22 19:33:58 [main] INFO  TestBase.BaseClass - Clicking login button...
2024-12-22 19:33:58 [main] INFO  TestBase.BaseClass - Verifying login was successful...
2024-12-22 19:33:59 [main] INFO  TestBase.BaseClass - Test passed: testValidLogin
2024-12-22 19:36:51 [main] INFO  TestBase.BaseClass - Loading configuration file
2024-12-22 19:36:51 [main] INFO  TestBase.BaseClass - Configuration loaded successfully.
2024-12-22 19:36:51 [main] INFO  TestBase.BaseClass - Initializing WebDriver...
2024-12-22 19:36:54 [main] INFO  TestBase.BaseClass - Navigating to URL: https://opensource-demo.orangehrmlive.com/
2024-12-22 19:37:00 [main] INFO  TestBase.BaseClass - Starting test: testValidLogin
2024-12-22 19:37:00 [main] INFO  TestBase.BaseClass - Entering username...
2024-12-22 19:37:00 [main] INFO  TestBase.BaseClass - Entering password...
2024-12-22 19:37:01 [main] INFO  TestBase.BaseClass - Clicking login button...
2024-12-22 19:37:01 [main] INFO  TestBase.BaseClass - Verifying login was successful...
2024-12-22 19:37:02 [main] INFO  TestBase.BaseClass - Test passed: testValidLogin
2024-12-22 20:11:36 [main] INFO  TestBase.BaseClass - Loading configuration file
2024-12-22 20:11:37 [main] INFO  TestBase.BaseClass - Initializing WebDriver...
2024-12-22 20:11:40 [main] INFO  TestBase.BaseClass - Navigating to URL: null
2024-12-22 20:12:49 [main] INFO  TestBase.BaseClass - Loading configuration file
2024-12-22 20:12:49 [main] INFO  TestBase.BaseClass - Configuration loaded successfully.
2024-12-22 20:12:49 [main] INFO  TestBase.BaseClass - Initializing WebDriver...
2024-12-22 20:12:52 [main] INFO  TestBase.BaseClass - Navigating to URL: https://opensource-demo.orangehrmlive.com/
2024-12-22 20:12:59 [main] INFO  TestBase.BaseClass - Starting test: testValidLogin
2024-12-22 20:12:59 [main] INFO  TestBase.BaseClass - Entering username...
2024-12-22 20:12:59 [main] INFO  TestBase.BaseClass - Entering password...
2024-12-22 20:13:00 [main] INFO  TestBase.BaseClass - Clicking login button...
2024-12-22 20:13:00 [main] INFO  TestBase.BaseClass - Verifying login was successful...
2024-12-22 20:13:01 [main] INFO  TestBase.BaseClass - Test passed: testValidLogin
